生成启动时间为 1/13/2016 11:53:48 AM。
     1>项目“E:\code\MFC\producerAndConsumer\producerAndConsumer\producerAndConsumer.vcxproj”在节点 2 上(Build 个目标)。
     1>ClCompile:
         D:\VS2013\VC\bin\CL.exe /c /ZI /nologo /W3 /WX- /sdl /Od /Oy- /D WIN32 /D _WINDOWS /D _DEBUG /D _UNICODE /D UNICODE /D _AFXDLL /Gm /EHsc /RTC1 /MDd /GS /fp:precise /Zc:wchar_t /Zc:forScope /Yu"stdafx.h" /Fp"Debug\producerAndConsumer.pch" /Fo"Debug\\" /Fd"Debug\vc120.pdb" /Gd /TP /analyze- /errorReport:prompt producerAndConsumerDlg.cpp
         producerAndConsumerDlg.cpp
     1>e:\code\mfc\producerandconsumer\producerandconsumer\producerandconsumerdlg.cpp(241): warning C4101: “ct”: 未引用的局部变量
     1>e:\code\mfc\producerandconsumer\producerandconsumer\producerandconsumerdlg.cpp(323): warning C4101: “ct”: 未引用的局部变量
     1>e:\code\mfc\producerandconsumer\producerandconsumer\producerandconsumerdlg.cpp(456): warning C4101: “ct”: 未引用的局部变量
     1>e:\code\mfc\producerandconsumer\producerandconsumer\producerandconsumerdlg.cpp(555): warning C4101: “ct”: 未引用的局部变量
     1>e:\code\mfc\producerandconsumer\producerandconsumer\producerandconsumerdlg.cpp(807): warning C4101: “ProducerID”: 未引用的局部变量
     1>e:\code\mfc\producerandconsumer\producerandconsumer\producerandconsumerdlg.cpp(807): warning C4101: “ConsumerID”: 未引用的局部变量
     1>e:\code\mfc\producerandconsumer\producerandconsumer\producerandconsumerdlg.cpp(807): warning C4101: “Move1ID”: 未引用的局部变量
     1>e:\code\mfc\producerandconsumer\producerandconsumer\producerandconsumerdlg.cpp(807): warning C4101: “Move2ID”: 未引用的局部变量
     1>e:\code\mfc\producerandconsumer\producerandconsumer\producerandconsumerdlg.cpp(795): warning C4715: “CproducerAndConsumerDlg::WindowProc”: 不是所有的控件路径都返回值
       Link:
         D:\VS2013\VC\bin\link.exe /ERRORREPORT:PROMPT /OUT:"E:\code\MFC\producerAndConsumer\Debug\producerAndConsumer.exe" /INCREMENTAL /NOLOGO /MANIFEST /MANIFESTUAC:"level='asInvoker' uiAccess='false'" /manifest:embed /manifestinput:D:\VS2013\VC\Include\Manifest\dpiaware.manifest /DEBUG /PDB:"E:\code\MFC\producerAndConsumer\Debug\producerAndConsumer.pdb" /SUBSYSTEM:WINDOWS /TLBID:1 /ENTRY:"wWinMainCRTStartup" /DYNAMICBASE /NXCOMPAT /IMPLIB:"E:\code\MFC\producerAndConsumer\Debug\producerAndConsumer.lib" /MACHINE:X86 Debug\producerAndConsumer.res
         Debug\producerAndConsumer.obj
         Debug\producerAndConsumerDlg.obj
         Debug\stdafx.obj
         producerAndConsumer.vcxproj -> E:\code\MFC\producerAndConsumer\Debug\producerAndConsumer.exe
     1>已完成生成项目“E:\code\MFC\producerAndConsumer\producerAndConsumer\producerAndConsumer.vcxproj”(Build 个目标)的操作。

生成成功。

已用时间 00:00:02.21
